<?xml version="1.0" encoding="UTF-8"?>
<!-- Generated by org.testng.reporters.JUnitReportReporter -->
<testsuite hostname="abi-PC" name="lib.selenium.PreAndPost" tests="1" failures="0" timestamp="23 Jun 2018 04:39:00 GMT" time="6.170" errors="0">
  <testcase name="f" time="6.170" classname="lib.selenium.PreAndPost"/>
</testsuite> <!-- lib.selenium.PreAndPost -->
