<?xml version="1.0" encoding="UTF-8"?>
<!-- Generated by org.testng.reporters.JUnitReportReporter -->
<testsuite hostname="abi-PC" name="Editlead" tests="1" failures="0" timestamp="13 Jun 2018 18:20:09 GMT" time="45.492" errors="0">
  <testcase name="Editlead" time="45.492" classname="Editlead"/>
</testsuite> <!-- Editlead -->
