<?xml version="1.0" encoding="UTF-8"?>
<!-- Generated by org.testng.reporters.JUnitReportReporter -->
<testsuite hostname="abi-PC" name="lib.selenium.CreateLead" tests="1" failures="0" timestamp="23 Jun 2018 06:00:33 GMT" time="22.100" errors="0">
  <testcase name="createLead" time="22.100" classname="lib.selenium.CreateLead"/>
</testsuite> <!-- lib.selenium.CreateLead -->
