<?xml version="1.0" encoding="UTF-8"?>
<!-- Generated by org.testng.reporters.JUnitReportReporter -->
<testsuite name="test.CreateLead" tests="1" time="24.134" ignored="0" failures="0" timestamp="08 Jul 2018 04:37:46 GMT" skipped="0" hostname="abi-PC" errors="0">
  <testcase name="createLead" time="24.134" classname="test.CreateLead"/>
</testsuite> <!-- test.CreateLead -->
